<?xml version="1.0" encoding="UTF-8"?>
<testsuite name="de.micromata.merlin.server.logging.Log4jMemoryAppenderTest" tests="1" skipped="0" failures="0" errors="0" timestamp="2018-11-06T15:51:09" hostname="sokoban.fritz.box" time="0.004">
  <properties/>
  <testcase name="queryTest()" classname="de.micromata.merlin.server.logging.Log4jMemoryAppenderTest" time="0.004"/>
  <system-out><![CDATA[]]></system-out>
  <system-err><![CDATA[]]></system-err>
</testsuite>
