<?xml version="1.0" encoding="UTF-8"?>
<testsuite name="de.micromata.merlin.server.ui.FormTest" tests="1" skipped="0" failures="0" errors="0" timestamp="2018-11-06T15:51:08" hostname="sokoban.fritz.box" time="0.33">
  <properties/>
  <testcase name="toJsonTest()" classname="de.micromata.merlin.server.ui.FormTest" time="0.33"/>
  <system-out><![CDATA[]]></system-out>
  <system-err><![CDATA[]]></system-err>
</testsuite>
